 
****************************************
Report : timing
        -path full
        -delay max
        -max_paths 1
Design : huffman
Version: Q-2019.12
Date   : Mon Aug 16 22:10:44 2021
****************************************

Operating Conditions: slow   Library: slow
Wire Load Model Mode: top

  Startpoint: reset (input port clocked by clk)
  Endpoint: arr_reg[5][1]
            (rising edge-triggered flip-flop clocked by clk)
  Path Group: clk
  Path Type: max

  Des/Clust/Port     Wire Load Model       Library
  ------------------------------------------------
  huffman            tsmc13_wl10           slow

  Point                                    Incr       Path
  -----------------------------------------------------------
  clock clk (rise edge)                    0.00       0.00
  clock network delay (ideal)              0.50       0.50
  input external delay                     5.00       5.50 r
  reset (in)                               0.03       5.53 r
  U726/Y (INVX4)                           0.38       5.91 f
  U927/Y (CLKBUFX3)                        0.32       6.23 f
  U905/Y (CLKBUFX3)                        0.23       6.46 f
  U889/Y (CLKBUFX3)                        0.20       6.66 f
  U874/Y (CLKBUFX3)                        0.22       6.87 f
  U863/Y (CLKBUFX3)                        0.37       7.24 f
  U964/Y (OAI31X4)                         0.50       7.75 r
  U1071/Y (CLKINVX1)                       0.37       8.12 f
  U733/Y (NAND2BX2)                        0.46       8.58 r
  U806/Y (AOI2BB2XL)                       0.36       8.94 r
  U805/Y (OAI211XL)                        0.30       9.24 f
  arr_reg[5][1]/D (DFFX1)                  0.00       9.24 f
  data arrival time                                   9.24

  clock clk (rise edge)                   10.00      10.00
  clock network delay (ideal)              0.50      10.50
  clock uncertainty                       -0.10      10.40
  arr_reg[5][1]/CK (DFFX1)                 0.00      10.40 r
  library setup time                      -0.34      10.06
  data required time                                 10.06
  -----------------------------------------------------------
  data required time                                 10.06
  data arrival time                                  -9.24
  -----------------------------------------------------------
  slack (MET)                                         0.82


1
