**************************************************************
* Voltage Drop Report file

* Units:
*   Length Unit         : um
*   Length Scale        : 0.001
*   Voltage Unit        : mV
*
* Cell Name : LEDDC
* Net Name   : VDD
* Number of Resistors: 72
* Threshold V: (min, max)=(1.187030 261.362225)
* Format: [left bottom right top] on Layer is voltage
*
[124000 5000 126000 6690] on METAL8 is 1.187
[124000 6690 126000 7690] on METAL8 is 1.187
[124000 5690 126000 7690] on VIA78 is 8.187
[124000 5690 126000 7690] on VIA67 is 11.02
[124000 5690 126000 7690] on VIA56 is 13.854
[124000 5690 126000 7690] on VIA45 is 16.687
[124000 5690 126000 7690] on VIA34 is 19.52
[125000 5690 186240 7690] on METAL3 is 95.863
[7360 5690 125000 7690] on METAL3 is 79.064
[6360 5690 7360 7690] on METAL3 is 79.064
[6360 5690 8360 7690] on VIA34 is 79.882
[6360 5690 8360 6690] on METAL4 is 79.882
[6360 6690 8360 175440] on METAL4 is 165.295
[6360 175440 8360 345470] on METAL4 is 244.505
[6360 174440 8360 176440] on VIA45 is 165.36
[7360 174440 8360 176440] on METAL5 is 165.36
[1690 174440 7360 176440] on METAL5 is 165.589
[690 174440 1690 176440] on METAL5 is 165.589
[690 174440 2690 176440] on VIA45 is 165.654
[690 1690 2690 175440] on METAL4 is 165.654
[690 175440 2690 351480] on METAL4 is 204.752
[690 351480 2690 352480] on METAL4 is 204.752
[690 350480 2690 352480] on VIA45 is 205.111
[1690 350480 186240 352480] on METAL5 is 246.1
[690 350480 1690 352480] on METAL5 is 205.111
[186240 350480 373090 352480] on METAL5 is 246.1
[185240 350480 187240 352480] on VIA45 is 246.61
[185240 345470 187240 351480] on METAL4 is 248.216
[185240 351480 187240 352480] on METAL4 is 246.61
[185240 344470 187240 345470] on METAL4 is 248.216
[185240 344470 187240 346470] on VIA34 is 248.648
[186240 344470 242335 346470] on METAL3 is 251.728
[126350 344470 186240 346470] on METAL3 is 261.362
[10365 344470 126350 346470] on METAL3 is 261.362
[7360 344470 10365 346470] on METAL3 is 246.658
[6360 344470 7360 346470] on METAL3 is 245.258
[6360 344470 8360 346470] on VIA34 is 245.258
[6360 345470 8360 346470] on METAL4 is 244.505
[242335 344470 245330 346470] on METAL3 is 251.728
[245330 344470 246330 346470] on METAL3 is 250.877
[244330 344470 246330 346470] on VIA34 is 250.877
[244330 175440 246330 345470] on METAL4 is 250.418
[244330 345470 246330 346470] on METAL4 is 250.418
[244330 9690 246330 175440] on METAL4 is 202.101
[244330 174440 246330 176440] on VIA45 is 202.101
[245330 174440 373090 176440] on METAL5 is 202.09
[244330 174440 245330 176440] on METAL5 is 202.09
[373090 174440 374090 176440] on METAL5 is 201.235
[372090 174440 374090 176440] on VIA45 is 201.235
[372090 1690 374090 175440] on METAL4 is 201.224
[372090 175440 374090 351480] on METAL4 is 228.489
[372090 351480 374090 352480] on METAL4 is 228.489
[372090 350480 374090 352480] on VIA45 is 228.64
[373090 350480 374090 352480] on METAL5 is 228.64
[372090 690 374090 1690] on METAL4 is 158.239
[372090 690 374090 2690] on VIA45 is 158.239
[373090 690 374090 2690] on METAL5 is 157.742
[186240 690 373090 2690] on METAL5 is 157.742
[1690 690 186240 2690] on METAL5 is 133.771
[185240 690 187240 2690] on VIA45 is 100.219
[185240 690 187240 1690] on METAL4 is 99.427
[185240 1690 187240 6690] on METAL4 is 99.427
[185240 6690 187240 7690] on METAL4 is 96.734
[185240 5690 187240 7690] on VIA34 is 96.734
[186240 5690 245330 7690] on METAL3 is 137.695
[245330 5690 246330 7690] on METAL3 is 137.695
[244330 5690 246330 7690] on VIA34 is 138.839
[244330 5690 246330 6690] on METAL4 is 138.839
[244330 6690 246330 9690] on METAL4 is 140.963
[690 690 1690 2690] on METAL5 is 133.771
[690 690 2690 2690] on VIA45 is 134.065
[690 690 2690 1690] on METAL4 is 134.065
